# JRE version: Java(TM) SE Runtime Environment (8.0_191-b12) (build 1.8.0_191-b12)
# Java VM: Java HotSpot(TM) Client VM (25.191-b12 mixed mode windows-x86 )
Heap:
 def new generation   total 54720K, used 11519K [0x05800000, 0x09360000, 0x102a0000)
  eden space 48640K,  19% used [0x05800000, 0x06134998, 0x08780000)
  from space 6080K,  34% used [0x08780000, 0x0898b410, 0x08d70000)
  to   space 6080K,   0% used [0x08d70000, 0x08d70000, 0x09360000)
 tenured generation   total 121448K, used 84732K [0x102a0000, 0x1793a000, 0x25800000)
   the space 121448K,  69% used [0x102a0000, 0x1555f378, 0x1555f400, 0x1793a000)
 Metaspace       used 27401K, capacity 28337K, committed 28672K, reserved 29056K
GC Heap History (10 events):
Event: 5077.187 GC heap before
{Heap before GC invocations=92 (full 6):
 def new generation   total 54720K, used 52411K [0x05800000, 0x09360000, 0x102a0000)
  eden space 48640K, 100% used [0x05800000, 0x08780000, 0x08780000)
  from space 6080K,  62% used [0x08d70000, 0x0911ed88, 0x09360000)
  to   space 6080K,   0% used [0x08780000, 0x08780000, 0x08d70000)
 tenured generation   total 121448K, used 82476K [0x102a0000, 0x1793a000, 0x25800000)
   the space 121448K,  67% used [0x102a0000, 0x1532b0a8, 0x1532b200, 0x1793a000)
 Metaspace       used 27386K, capacity 28303K, committed 28544K, reserved 29056K
Event: 5077.476 GC heap after
Heap after GC invocations=93 (full 6):
 def new generation   total 54720K, used 871K [0x05800000, 0x09360000, 0x102a0000)
  eden space 48640K,   0% used [0x05800000, 0x05800000, 0x08780000)
  from space 6080K,  14% used [0x08780000, 0x08859e08, 0x08d70000)
  to   space 6080K,   0% used [0x08d70000, 0x08d70000, 0x09360000)
 tenured generation   total 121448K, used 84732K [0x102a0000, 0x1793a000, 0x25800000)
   the space 121448K,  69% used [0x102a0000, 0x1555f378, 0x1555f400, 0x1793a000)
 Metaspace       used 27386K, capacity 28303K, committed 28544K, reserved 29056K
}
Event: 5526.650 GC heap before
{Heap before GC invocations=93 (full 6):
 def new generation   total 54720K, used 49511K [0x05800000, 0x09360000, 0x102a0000)
  eden space 48640K, 100% used [0x05800000, 0x08780000, 0x08780000)
  from space 6080K,  14% used [0x08780000, 0x08859e08, 0x08d70000)
  to   space 6080K,   0% used [0x08d70000, 0x08d70000, 0x09360000)
 tenured generation   total 121448K, used 84732K [0x102a0000, 0x1793a000, 0x25800000)
   the space 121448K,  69% used [0x102a0000, 0x1555f378, 0x1555f400, 0x1793a000)
 Metaspace       used 27386K, capacity 28303K, committed 28544K, reserved 29056K
Event: 5526.691 GC heap after
Heap after GC invocations=94 (full 6):
 def new generation   total 54720K, used 1051K [0x05800000, 0x09360000, 0x102a0000)
  eden space 48640K,   0% used [0x05800000, 0x05800000, 0x08780000)
  from space 6080K,  17% used [0x08d70000, 0x08e76c60, 0x09360000)
  to   space 6080K,   0% used [0x08780000, 0x08780000, 0x08d70000)
 tenured generation   total 121448K, used 84732K [0x102a0000, 0x1793a000, 0x25800000)
   the space 121448K,  69% used [0x102a0000, 0x1555f378, 0x1555f400, 0x1793a000)
 Metaspace       used 27386K, capacity 28303K, committed 28544K, reserved 29056K
}
Event: 5580.088 GC heap before
{Heap before GC invocations=94 (full 6):
 def new generation   total 54720K, used 48970K [0x05800000, 0x09360000, 0x102a0000)
  eden space 48640K,  98% used [0x05800000, 0x086cbef8, 0x08780000)
  from space 6080K,  17% used [0x08d70000, 0x08e76c60, 0x09360000)
  to   space 6080K,   0% used [0x08780000, 0x08780000, 0x08d70000)
 tenured generation   total 121448K, used 84732K [0x102a0000, 0x1793a000, 0x25800000)
   the space 121448K,  69% used [0x102a0000, 0x1555f378, 0x1555f400, 0x1793a000)
 Metaspace       used 27388K, capacity 28303K, committed 28544K, reserved 29056K
Event: 5580.316 GC heap after
Heap after GC invocations=95 (full 6):
 def new generation   total 54720K, used 919K [0x05800000, 0x09360000, 0x102a0000)
  eden space 48640K,   0% used [0x05800000, 0x05800000, 0x08780000)
  from space 6080K,  15% used [0x08780000, 0x08865dd8, 0x08d70000)
  to   space 6080K,   0% used [0x08d70000, 0x08d70000, 0x09360000)
 tenured generation   total 121448K, used 84732K [0x102a0000, 0x1793a000, 0x25800000)
   the space 121448K,  69% used [0x102a0000, 0x1555f378, 0x1555f400, 0x1793a000)
 Metaspace       used 27388K, capacity 28303K, committed 28544K, reserved 29056K
}
Event: 5720.617 GC heap before
{Heap before GC invocations=95 (full 6):
 def new generation   total 54720K, used 48785K [0x05800000, 0x09360000, 0x102a0000)
  eden space 48640K,  98% used [0x05800000, 0x086be910, 0x08780000)
  from space 6080K,  15% used [0x08780000, 0x08865dd8, 0x08d70000)
  to   space 6080K,   0% used [0x08d70000, 0x08d70000, 0x09360000)
 tenured generation   total 121448K, used 84732K [0x102a0000, 0x1793a000, 0x25800000)
   the space 121448K,  69% used [0x102a0000, 0x1555f378, 0x1555f400, 0x1793a000)
 Metaspace       used 27388K, capacity 28303K, committed 28544K, reserved 29056K
Event: 5720.622 GC heap after
Heap after GC invocations=96 (full 6):
 def new generation   total 54720K, used 2040K [0x05800000, 0x09360000, 0x102a0000)
  eden space 48640K,   0% used [0x05800000, 0x05800000, 0x08780000)
  from space 6080K,  33% used [0x08d70000, 0x08f6e250, 0x09360000)
  to   space 6080K,   0% used [0x08780000, 0x08780000, 0x08d70000)
 tenured generation   total 121448K, used 84732K [0x102a0000, 0x1793a000, 0x25800000)
   the space 121448K,  69% used [0x102a0000, 0x1555f378, 0x1555f400, 0x1793a000)
 Metaspace       used 27388K, capacity 28303K, committed 28544K, reserved 29056K
}
Event: 5798.292 GC heap before
{Heap before GC invocations=96 (full 6):
 def new generation   total 54720K, used 50680K [0x05800000, 0x09360000, 0x102a0000)
  eden space 48640K, 100% used [0x05800000, 0x08780000, 0x08780000)
  from space 6080K,  33% used [0x08d70000, 0x08f6e250, 0x09360000)
  to   space 6080K,   0% used [0x08780000, 0x08780000, 0x08d70000)
 tenured generation   total 121448K, used 84732K [0x102a0000, 0x1793a000, 0x25800000)
   the space 121448K,  69% used [0x102a0000, 0x1555f378, 0x1555f400, 0x1793a000)
 Metaspace       used 27401K, capacity 28337K, committed 28672K, reserved 29056K
Event: 5798.304 GC heap after
Heap after GC invocations=97 (full 6):
 def new generation   total 54720K, used 2093K [0x05800000, 0x09360000, 0x102a0000)
  eden space 48640K,   0% used [0x05800000, 0x05800000, 0x08780000)
  from space 6080K,  34% used [0x08780000, 0x0898b410, 0x08d70000)
  to   space 6080K,   0% used [0x08d70000, 0x08d70000, 0x09360000)
 tenured generation   total 121448K, used 84732K [0x102a0000, 0x1793a000, 0x25800000)
   the space 121448K,  69% used [0x102a0000, 0x1555f378, 0x1555f400, 0x1793a000)
 Metaspace       used 27401K, capacity 28337K, committed 28672K, reserved 29056K
}

